2018-04-13T15:55:26.349Z - info: Worker for getBestOriginHTTPforMatch closed due to file changes.
2018-04-13T15:55:26.352Z - info: Worker for getMatchedByCluster closed due to file changes.
2018-04-13T15:55:26.352Z - info: Worker for aggregateMatchInfo closed due to file changes.
2018-04-13T15:55:26.353Z - info: Worker for getMatchedByClusterOnSave closed due to file changes.
2018-04-13T15:55:26.353Z - info: Worker for setTestUsersReadyToMatch closed due to file changes.
2018-04-13T15:55:26.353Z - info: Worker for scoreApartment closed due to file changes.
2018-04-13T15:55:26.353Z - info: Worker for populateDatabaseWithTestUsersHTTPS closed due to file changes.
2018-04-13T15:55:26.355Z - info: Worker for updateUser closed due to file changes.
2018-04-13T15:55:26.355Z - info: Worker for onMatchCreate closed due to file changes.
2018-04-13T15:55:26.355Z - info: Worker for getListingDetailsHTTPS closed due to file changes.
2018-04-13T15:55:26.355Z - info: Worker for deleteTestUsers closed due to file changes.
2018-04-13T15:59:00.384Z - info: User function triggered, starting execution
2018-04-13T15:59:02.726Z - info: 13 real users updated
2018-04-13T15:59:03.325Z - info: 470 test users ready to match
2018-04-13T15:59:03.329Z - info: Execution took 2946 ms, user function completed successfully
2018-04-13T16:01:23.736Z - info: Worker for resetDatabase closed due to file changes.
2018-04-13T16:01:23.737Z - info: Worker for countTestUsers closed due to file changes.
2018-04-13T16:01:23.738Z - info: Worker for populateDatabaseWithTestUsersHTTPS closed due to file changes.
2018-04-13T16:01:23.738Z - info: Worker for setTestUsersReadyToMatch closed due to file changes.
2018-04-13T16:01:23.738Z - info: Worker for getMatchedByCluster closed due to file changes.
2018-04-13T16:01:23.738Z - info: Worker for updateUser closed due to file changes.
2018-04-13T16:01:23.739Z - info: Worker for getListingDetailsHTTPS closed due to file changes.
2018-04-13T16:01:23.740Z - info: Worker for getMatchedByClusterOnSave closed due to file changes.
2018-04-13T16:01:23.740Z - info: Worker for aggregateMatchInfo closed due to file changes.
2018-04-13T16:01:23.740Z - info: Worker for onMatchCreate closed due to file changes.
2018-04-13T16:01:23.741Z - info: Worker for scoreApartment closed due to file changes.
2018-04-13T16:01:23.741Z - info: Worker for getBestOriginHTTPforMatch closed due to file changes.
2018-04-13T16:56:42.124Z - info: User function triggered, starting execution
2018-04-13T16:56:44.995Z - info: LOG: 470 test users found
2018-04-13T16:56:44.997Z - info: Execution took 2875 ms, user function completed successfully
2018-04-13T16:57:07.800Z - info: User function triggered, starting execution
2018-04-13T16:57:09.984Z - info: 13 real users updated
2018-04-13T16:57:10.544Z - info: 470 test users ready to match
2018-04-13T16:57:10.548Z - info: Execution took 2749 ms, user function completed successfully
2018-04-13T16:59:06.973Z - info: Worker for countTestUsers closed due to file changes.
2018-04-13T16:59:06.974Z - info: Worker for resetDatabase closed due to file changes.
2018-04-13T16:59:06.974Z - info: Worker for populateDatabaseWithTestUsersHTTPS closed due to file changes.
2018-04-13T16:59:06.974Z - info: Worker for getMatchedByClusterOnSave closed due to file changes.
2018-04-13T16:59:06.974Z - info: Worker for getMatchedByCluster closed due to file changes.
2018-04-13T16:59:06.974Z - info: Worker for getBestOriginHTTPforMatch closed due to file changes.
2018-04-13T16:59:06.975Z - info: Worker for scoreApartment closed due to file changes.
2018-04-13T16:59:06.975Z - info: Worker for updateUser closed due to file changes.
2018-04-13T16:59:06.977Z - info: Worker for onMatchCreate closed due to file changes.
2018-04-13T16:59:06.978Z - info: Worker for aggregateMatchInfo closed due to file changes.
2018-04-13T16:59:06.978Z - info: Worker for setTestUsersReadyToMatch closed due to file changes.
2018-04-13T16:59:06.978Z - info: Worker for getListingDetailsHTTPS closed due to file changes.
2018-04-13T16:59:17.398Z - info: User function triggered, starting execution
2018-04-13T16:59:20.150Z - info: LOG: 470 test users found
2018-04-13T16:59:20.152Z - info: Execution took 2754 ms, user function completed successfully
2018-04-13T17:00:28.297Z - info: User function triggered, starting execution
2018-04-13T17:00:30.762Z - info: 470test users deleted
2018-04-13T17:00:30.764Z - info: Execution took 2469 ms, user function completed successfully
2018-04-13T17:01:26.820Z - info: Worker for countTestUsers closed due to file changes.
2018-04-13T17:01:42.261Z - info: User function triggered, starting execution
2018-04-13T17:01:44.201Z - info: LOG: 50 Test users created
2018-04-13T17:01:44.203Z - info: Execution took 1943 ms, user function completed successfully
2018-04-13T17:02:34.320Z - info: User function triggered, starting execution
2018-04-13T17:02:36.589Z - info: 50test users deleted
2018-04-13T17:02:36.592Z - info: Execution took 2273 ms, user function completed successfully
2018-04-13T17:02:47.412Z - info: User function triggered, starting execution
2018-04-13T17:02:47.413Z - info: undefined
2018-04-13T17:02:47.413Z - info: default PmzsNVCnUSMVSMu2WGRa4omxez52
2018-04-13T17:02:48.038Z - info: Getting test users
2018-04-13T17:02:49.449Z - info: LOG: 52 Test users created
2018-04-13T17:02:49.451Z - info: Execution took 2039 ms, user function completed successfully
2018-04-13T17:02:49.576Z - info: got 23 test users
2018-04-13T17:02:49.576Z - info: getting real users
PmzsNVCnUSMVSMu2WGRa4omxez52
2018-04-13T17:02:49.753Z - info: got 1 real users
2018-04-13T17:02:49.754Z - info: 24 will be matched
starting clustering
2018-04-13T17:02:50.003Z - error: (node:42017) UnhandledPromiseRejectionWarning: TypeError: kMeansClustering is not a function
    at Object.<anonymous> (/Users/Kristian/Developer/yaps.life/functions/lib/clusteringAlgorithms/clusteringPipeline.js:172:32)
    at Generator.next (<anonymous>)
    at fulfilled (/Users/Kristian/Developer/yaps.life/functions/lib/clusteringAlgorithms/clusteringPipeline.js:4:58)
    at <anonymous>
    at process._tickCallback (internal/process/next_tick.js:182:7)
2018-04-13T17:02:50.004Z - error: (node:42017) UnhandledPromiseRejectionWarning: Unhandled promise rejection. This error originated either by throwing inside of an async function without a catch block, or by rejecting a promise which was not handled with .catch(). (rejection id: 1)
(node:42017) [DEP0018] DeprecationWarning: Unhandled promise rejections are deprecated. In the future, promise rejections that are not handled will terminate the Node.js process with a non-zero exit code.
2018-04-13T17:03:51.475Z - info: Worker for getMatchedByClusterOnSave closed due to file changes.
2018-04-13T17:03:51.475Z - info: Worker for deleteTestUsers closed due to file changes.
2018-04-13T17:03:51.476Z - info: Worker for setTestUsersReadyToMatch closed due to file changes.
2018-04-13T17:03:51.476Z - info: Worker for getMatchedByCluster closed due to file changes.
2018-04-13T17:03:51.478Z - info: Worker for populateDatabaseWithTestUsersHTTPS closed due to file changes.
2018-04-13T17:03:51.478Z - info: Worker for getBestOriginHTTPforMatch closed due to file changes.
2018-04-13T17:03:51.478Z - info: Worker for onMatchCreate closed due to file changes.
2018-04-13T17:03:51.478Z - info: Worker for getListingDetailsHTTPS closed due to file changes.
2018-04-13T17:03:51.478Z - info: Worker for resetDatabase closed due to file changes.
2018-04-13T17:03:51.479Z - info: Worker for aggregateMatchInfo closed due to file changes.
2018-04-13T17:03:51.479Z - info: Worker for countTestUsers closed due to file changes.
2018-04-13T17:03:51.479Z - info: Worker for scoreApartment closed due to file changes.
2018-04-13T17:03:51.479Z - info: Worker for updateUser closed due to file changes.
2018-04-13T17:12:00.113Z - info: User function triggered, starting execution
2018-04-13T17:12:00.114Z - info: undefined
default PmzsNVCnUSMVSMu2WGRa4omxez52
2018-04-13T17:12:01.052Z - info: Getting test users
2018-04-13T17:12:02.704Z - info: got 52 test users
2018-04-13T17:12:02.704Z - info: getting real users
PmzsNVCnUSMVSMu2WGRa4omxez52
2018-04-13T17:12:02.705Z - info: LOG: 52 Test users created
2018-04-13T17:12:02.708Z - info: Execution took 2596 ms, user function completed successfully
2018-04-13T17:12:02.884Z - info: got 1 real users
2018-04-13T17:12:02.884Z - info: 53 will be matched
starting clustering
2018-04-13T17:12:02.890Z - info: Organizing into flats
2018-04-13T17:12:02.891Z - info: all flatmates length 15
2018-04-13T17:12:40.821Z - info: Worker for getMatchedByClusterOnSave closed due to file changes.
2018-04-13T17:12:40.822Z - info: Worker for getMatchedByCluster closed due to file changes.
2018-04-13T17:12:40.822Z - info: Worker for aggregateMatchInfo closed due to file changes.
2018-04-13T17:12:40.823Z - info: Worker for updateUser closed due to file changes.
2018-04-13T17:12:40.823Z - info: Worker for getBestOriginHTTPforMatch closed due to file changes.
2018-04-13T17:12:40.823Z - info: Worker for scoreApartment closed due to file changes.
2018-04-13T17:12:40.824Z - info: Worker for resetDatabase closed due to file changes.
2018-04-13T17:12:40.833Z - info: Worker for deleteTestUsers closed due to file changes.
2018-04-13T17:12:40.835Z - info: Worker for onMatchCreate closed due to file changes.
2018-04-13T17:12:40.835Z - info: Worker for setTestUsersReadyToMatch closed due to file changes.
2018-04-13T17:12:40.835Z - info: Worker for getListingDetailsHTTPS closed due to file changes.
2018-04-13T17:12:40.835Z - info: Worker for countTestUsers closed due to file changes.
2018-04-13T17:12:40.835Z - info: Worker for populateDatabaseWithTestUsersHTTPS closed due to file changes.
2018-04-13T17:13:58.608Z - info: User function triggered, starting execution
2018-04-13T17:14:00.456Z - info: 13 real users updated
2018-04-13T17:14:00.735Z - info: 104 test users ready to match
2018-04-13T17:14:00.737Z - info: Execution took 2129 ms, user function completed successfully
2018-04-13T17:14:06.107Z - info: User function triggered, starting execution
2018-04-13T17:14:06.109Z - info: undefined
2018-04-13T17:14:06.109Z - info: default PmzsNVCnUSMVSMu2WGRa4omxez52
2018-04-13T17:14:06.680Z - info: Getting test users
2018-04-13T17:14:08.068Z - info: LOG: 52 Test users created
2018-04-13T17:14:08.071Z - info: Execution took 1965 ms, user function completed successfully
2018-04-13T17:14:08.489Z - info: got 136 test users
getting real users
2018-04-13T17:14:08.489Z - info: PmzsNVCnUSMVSMu2WGRa4omxez52
2018-04-13T17:14:08.663Z - info: got 1 real users
2018-04-13T17:14:08.664Z - info: 137 will be matched
starting clustering
2018-04-13T17:14:08.676Z - info: Organizing into flats
2018-04-13T17:14:08.676Z - info: all flatmates length 37
2018-04-13T17:15:06.721Z - info: Worker for resetDatabase closed due to file changes.
2018-04-13T17:15:50.569Z - info: User function triggered, starting execution
2018-04-13T17:15:52.662Z - info: 13 real users updated
2018-04-13T17:15:53.059Z - info: 156 test users ready to match
2018-04-13T17:15:53.063Z - info: Execution took 2495 ms, user function completed successfully
2018-04-13T17:15:59.669Z - info: User function triggered, starting execution
2018-04-13T17:16:01.879Z - info: 156test users deleted
2018-04-13T17:16:01.880Z - info: Execution took 2212 ms, user function completed successfully
2018-04-13T17:16:26.036Z - info: User function triggered, starting execution
2018-04-13T17:16:26.037Z - info: undefined
2018-04-13T17:16:26.037Z - info: default PmzsNVCnUSMVSMu2WGRa4omxez52
2018-04-13T17:16:26.733Z - info: Getting test users
2018-04-13T17:16:28.205Z - info: got 5 test users
2018-04-13T17:16:28.205Z - info: Not enough users to do a match
matches created 0
2018-04-13T17:16:28.207Z - info: Execution took 2173 ms, user function completed successfully
2018-04-13T17:16:28.549Z - info: LOG: 52 Test users created
2018-04-13T17:18:28.283Z - info: Worker for resetDatabase closed due to file changes.
2018-04-13T17:18:28.283Z - info: Worker for getMatchedByClusterOnSave closed due to file changes.
2018-04-13T17:18:28.284Z - info: Worker for deleteTestUsers closed due to file changes.
2018-04-13T17:18:28.284Z - info: Worker for getBestOriginHTTPforMatch closed due to file changes.
2018-04-13T17:18:28.284Z - info: Worker for aggregateMatchInfo closed due to file changes.
2018-04-13T17:18:28.284Z - info: Worker for setTestUsersReadyToMatch closed due to file changes.
2018-04-13T17:18:28.284Z - info: Worker for countTestUsers closed due to file changes.
2018-04-13T17:18:28.285Z - info: Worker for onMatchCreate closed due to file changes.
2018-04-13T17:18:28.285Z - info: Worker for populateDatabaseWithTestUsersHTTPS closed due to file changes.
2018-04-13T17:18:28.285Z - info: Worker for getMatchedByCluster closed due to file changes.
2018-04-13T17:18:28.286Z - info: Worker for updateUser closed due to file changes.
2018-04-13T17:18:28.286Z - info: Worker for scoreApartment closed due to file changes.
2018-04-13T17:19:24.672Z - info: User function triggered, starting execution
2018-04-13T17:19:26.873Z - info: 13 real users updated
2018-04-13T17:19:26.997Z - info: 52 test users ready to match
2018-04-13T17:19:26.999Z - info: Execution took 2328 ms, user function completed successfully
2018-04-13T17:19:32.319Z - info: User function triggered, starting execution
2018-04-13T17:19:35.352Z - info: 52test users deleted
2018-04-13T17:19:35.354Z - info: Execution took 3036 ms, user function completed successfully
2018-04-13T17:19:39.479Z - info: User function triggered, starting execution
2018-04-13T17:19:41.437Z - info: LOG: 52 Test users created
2018-04-13T17:19:41.441Z - info: Execution took 1962 ms, user function completed successfully
2018-04-13T17:19:51.494Z - info: User function triggered, starting execution
2018-04-13T17:19:51.495Z - info: undefined
2018-04-13T17:19:51.495Z - info: default PmzsNVCnUSMVSMu2WGRa4omxez52
2018-04-13T17:19:53.467Z - info: Getting test users
2018-04-13T17:19:54.072Z - info: got 102 test users
2018-04-13T17:19:54.072Z - info: getting real users
PmzsNVCnUSMVSMu2WGRa4omxez52
2018-04-13T17:19:54.248Z - info: got 1 real users
2018-04-13T17:19:54.248Z - info: 103 will be matched
starting clustering
2018-04-13T17:19:54.258Z - info: Organizing into flats
2018-04-13T17:19:54.258Z - info: all flatmates length 28
2018-04-13T17:19:55.358Z - info: matches created 28
2018-04-13T17:19:55.360Z - info: Execution took 3867 ms, user function completed successfully
2018-04-16T18:59:17.569Z - info: User function triggered, starting execution
2018-04-16T18:59:19.903Z - info: 13 real users updated
2018-04-16T18:59:20.228Z - info: 202 test users ready to match
2018-04-16T18:59:20.231Z - info: Execution took 2663 ms, user function completed successfully
2018-04-16T19:02:28.802Z - info: Worker for updateUser closed due to file changes.
2018-04-16T19:02:28.812Z - info: Worker for getMatchedByClusterOnSave closed due to file changes.
2018-04-16T19:02:28.813Z - info: Worker for deleteTestUsers closed due to file changes.
2018-04-16T19:02:28.813Z - info: Worker for countTestUsers closed due to file changes.
2018-04-16T19:02:28.813Z - info: Worker for getMatchedByCluster closed due to file changes.
2018-04-16T19:02:28.813Z - info: Worker for getSingleMatchByKNNOnSave closed due to file changes.
2018-04-16T19:02:28.813Z - info: Worker for getBestOriginHTTPforMatch closed due to file changes.
2018-04-16T19:02:28.814Z - info: Worker for scoreApartment closed due to file changes.
2018-04-16T19:02:28.815Z - info: Worker for getListingDetailsHTTPS closed due to file changes.
2018-04-16T19:02:28.815Z - info: Worker for setTestUsersReadyToMatch closed due to file changes.
2018-04-16T19:02:28.815Z - info: Worker for onMatchCreate closed due to file changes.
2018-04-16T19:02:28.816Z - info: Worker for aggregateMatchInfo closed due to file changes.
2018-04-16T19:02:28.816Z - info: Worker for resetDatabase closed due to file changes.
2018-04-16T19:02:28.817Z - info: Worker for populateDatabaseWithTestUsersHTTPS closed due to file changes.
2018-04-16T19:05:01.293Z - info: User function triggered, starting execution
2018-04-16T19:05:01.295Z - info: undefined
2018-04-16T19:05:01.295Z - info: default PmzsNVCnUSMVSMu2WGRa4omxez52
2018-04-16T19:05:05.546Z - info: Execution took 4253 ms, user function completed successfully
2018-04-16T19:05:56.713Z - info: User function triggered, starting execution
2018-04-16T19:05:56.714Z - info: undefined
2018-04-16T19:05:56.714Z - info: default PmzsNVCnUSMVSMu2WGRa4omxez52
2018-04-16T19:06:00.551Z - info: Execution took 3838 ms, user function completed successfully
2018-04-16T19:26:14.052Z - info: User function triggered, starting execution
2018-04-16T19:26:14.053Z - info: undefined
default PmzsNVCnUSMVSMu2WGRa4omxez52
2018-04-16T19:26:15.998Z - info: { matchLocation: 'Oslo',
  photoURL: 'https://lh5.googleusercontent.com/-2HYA3plx19M/AAAAAAAAAAI/AAAAAAAA7Nw/XWJkYEc6q6Q/photo.jpg',
  size: 2,
  readyToMatch: false,
  answerVector: [ 1, 0, 0, 0, 1, 2, 1, -2, 1, 1, -2, -2, -1, -1, -1, 2, 2, 2, 2, 1 ],
  propertySize: 5,
  university: 'NTNU',
  displayName: 'Kristian Elset Bø',
  age: '25',
  studyProgramme: 'Datateknologi',
  budget: 3,
  newMatch: false,
  gettingCloudMatched: false,
  uid: 'PmzsNVCnUSMVSMu2WGRa4omxez52',
  propertyVector: [ 3, 5, 3 ],
  newness: 3,
  currentMatches: 
   { '3e370665-96b0-4191-b1f5-4542ad023a36': 1523905504940,
     '2271f147-f6da-403c-8439-136d9bcec033': 1523905559906,
     '5b677ae6-02c4-4fae-bec0-db954cccadeb': 1523905184755 },
  gender: 'Male',
  tos: true,
  currentMatchId: '30d84181-2809-4799-99fa-589a71d9b2d6',
  email: 'kristian.e.boe@gmail.com',
  workplace: 'Netlight AS, Karl Johans gate, Oslo, Norway',
  workplaceLatLng: { lat: 59.9131672, lng: 10.74193869999999 } }
2018-04-16T19:26:16.213Z - info: 0
2018-04-16T19:26:16.213Z - info: [ { matchLocation: 'Oslo',
    photoURL: 'https://lh5.googleusercontent.com/-2HYA3plx19M/AAAAAAAAAAI/AAAAAAAA7Nw/XWJkYEc6q6Q/photo.jpg',
    size: 2,
    readyToMatch: false,
    answerVector: [ 1, 0, 0, 0, 1, 2, 1, -2, 1, 1, -2, -2, -1, -1, -1, 2, 2, 2, 2, 1 ],
    propertySize: 5,
    university: 'NTNU',
    displayName: 'Kristian Elset Bø',
    age: '25',
    studyProgramme: 'Datateknologi',
    budget: 3,
    newMatch: false,
    gettingCloudMatched: false,
    uid: 'PmzsNVCnUSMVSMu2WGRa4omxez52',
    propertyVector: [ 3, 5, 3 ],
    newness: 3,
    currentMatches: 
     { '3e370665-96b0-4191-b1f5-4542ad023a36': 1523905504940,
       '2271f147-f6da-403c-8439-136d9bcec033': 1523905559906,
       '5b677ae6-02c4-4fae-bec0-db954cccadeb': 1523905184755 },
    gender: 'Male',
    tos: true,
    currentMatchId: '30d84181-2809-4799-99fa-589a71d9b2d6',
    email: 'kristian.e.boe@gmail.com',
    workplace: 'Netlight AS, Karl Johans gate, Oslo, Norway',
    workplaceLatLng: { lat: 59.9131672, lng: 10.74193869999999 } } ]
2018-04-16T19:26:17.862Z - info: Execution took 3812 ms, user function completed successfully
2018-04-16T19:28:54.487Z - info: User function triggered, starting execution
2018-04-16T19:28:54.488Z - info: undefined
default PmzsNVCnUSMVSMu2WGRa4omxez52
2018-04-16T19:28:56.449Z - info: { gettingCloudMatched: false,
  uid: 'PmzsNVCnUSMVSMu2WGRa4omxez52',
  propertyVector: [ 3, 5, 3 ],
  newness: 3,
  currentMatches: {},
  gender: 'Male',
  tos: true,
  currentMatchId: '30d84181-2809-4799-99fa-589a71d9b2d6',
  email: 'kristian.e.boe@gmail.com',
  workplace: 'Netlight AS, Karl Johans gate, Oslo, Norway',
  workplaceLatLng: { lat: 59.9131672, lng: 10.74193869999999 },
  matchLocation: 'Oslo',
  photoURL: 'https://lh5.googleusercontent.com/-2HYA3plx19M/AAAAAAAAAAI/AAAAAAAA7Nw/XWJkYEc6q6Q/photo.jpg',
  size: 2,
  readyToMatch: false,
  answerVector: [ 1, 0, 0, 0, 1, 2, 1, -2, 1, 1, -2, -2, -1, -1, -1, 2, 2, 2, 2, 1 ],
  propertySize: 5,
  university: 'NTNU',
  displayName: 'Kristian Elset Bø',
  age: '25',
  studyProgramme: 'Datateknologi',
  budget: 3,
  newMatch: true }
2018-04-16T19:28:56.701Z - info: 0
2018-04-16T19:28:56.701Z - info: [ { gettingCloudMatched: false,
    uid: 'PmzsNVCnUSMVSMu2WGRa4omxez52',
    propertyVector: [ 3, 5, 3 ],
    newness: 3,
    currentMatches: {},
    gender: 'Male',
    tos: true,
    currentMatchId: '30d84181-2809-4799-99fa-589a71d9b2d6',
    email: 'kristian.e.boe@gmail.com',
    workplace: 'Netlight AS, Karl Johans gate, Oslo, Norway',
    workplaceLatLng: { lat: 59.9131672, lng: 10.74193869999999 },
    matchLocation: 'Oslo',
    photoURL: 'https://lh5.googleusercontent.com/-2HYA3plx19M/AAAAAAAAAAI/AAAAAAAA7Nw/XWJkYEc6q6Q/photo.jpg',
    size: 2,
    readyToMatch: false,
    answerVector: [ 1, 0, 0, 0, 1, 2, 1, -2, 1, 1, -2, -2, -1, -1, -1, 2, 2, 2, 2, 1 ],
    propertySize: 5,
    university: 'NTNU',
    displayName: 'Kristian Elset Bø',
    age: '25',
    studyProgramme: 'Datateknologi',
    budget: 3,
    newMatch: true } ]
2018-04-16T19:28:58.229Z - info: Execution took 3743 ms, user function completed successfully
2018-04-16T19:29:40.917Z - info: Worker for getSingleMatchByKNNOnSave closed due to file changes.
2018-04-16T19:29:40.917Z - info: Worker for deleteTestUsers closed due to file changes.
2018-04-16T19:29:40.918Z - info: Worker for onMatchCreate closed due to file changes.
2018-04-16T19:29:40.918Z - info: Worker for scoreApartment closed due to file changes.
2018-04-16T19:29:40.918Z - info: Worker for aggregateMatchInfo closed due to file changes.
2018-04-16T19:29:40.918Z - info: Worker for getBestOriginHTTPforMatch closed due to file changes.
2018-04-16T19:29:40.918Z - info: Worker for updateUser closed due to file changes.
2018-04-16T19:29:40.918Z - info: Worker for countTestUsers closed due to file changes.
2018-04-16T19:29:40.918Z - info: Worker for setTestUsersReadyToMatch closed due to file changes.
2018-04-16T19:29:40.924Z - info: Worker for getMatchedByCluster closed due to file changes.
2018-04-16T19:29:40.925Z - info: Worker for getListingDetailsHTTPS closed due to file changes.
2018-04-16T19:29:40.925Z - info: Worker for populateDatabaseWithTestUsersHTTPS closed due to file changes.
2018-04-16T19:29:40.926Z - info: Worker for getMatchedByClusterOnSave closed due to file changes.
2018-04-16T19:29:40.926Z - info: Worker for resetDatabase closed due to file changes.
2018-04-16T19:30:26.606Z - info: User function triggered, starting execution
2018-04-16T19:30:26.607Z - info: undefined
2018-04-16T19:30:26.607Z - info: default PmzsNVCnUSMVSMu2WGRa4omxez52
2018-04-16T19:30:28.424Z - info: { newness: 3,
  currentMatches: { '22ccb3d4-2d6b-4271-b4a8-d6c6761d0bf3': 1523906937596 },
  gender: 'Male',
  tos: true,
  currentMatchId: '30d84181-2809-4799-99fa-589a71d9b2d6',
  email: 'kristian.e.boe@gmail.com',
  workplace: 'Netlight AS, Karl Johans gate, Oslo, Norway',
  workplaceLatLng: { lat: 59.9131672, lng: 10.74193869999999 },
  matchLocation: 'Oslo',
  photoURL: 'https://lh5.googleusercontent.com/-2HYA3plx19M/AAAAAAAAAAI/AAAAAAAA7Nw/XWJkYEc6q6Q/photo.jpg',
  size: 2,
  readyToMatch: false,
  answerVector: [ 1, 0, 0, 0, 1, 2, 1, -2, 1, 1, -2, -2, -1, -1, -1, 2, 2, 2, 2, 1 ],
  propertySize: 5,
  university: 'NTNU',
  displayName: 'Kristian Elset Bø',
  age: '25',
  studyProgramme: 'Datateknologi',
  budget: 3,
  newMatch: true,
  gettingCloudMatched: false,
  uid: 'PmzsNVCnUSMVSMu2WGRa4omxez52',
  propertyVector: [ 3, 5, 3 ] }
2018-04-16T19:30:28.626Z - info: 0
2018-04-16T19:30:28.626Z - info: [ { newness: 3,
    currentMatches: { '22ccb3d4-2d6b-4271-b4a8-d6c6761d0bf3': 1523906937596 },
    gender: 'Male',
    tos: true,
    currentMatchId: '30d84181-2809-4799-99fa-589a71d9b2d6',
    email: 'kristian.e.boe@gmail.com',
    workplace: 'Netlight AS, Karl Johans gate, Oslo, Norway',
    workplaceLatLng: { lat: 59.9131672, lng: 10.74193869999999 },
    matchLocation: 'Oslo',
    photoURL: 'https://lh5.googleusercontent.com/-2HYA3plx19M/AAAAAAAAAAI/AAAAAAAA7Nw/XWJkYEc6q6Q/photo.jpg',
    size: 2,
    readyToMatch: false,
    answerVector: [ 1, 0, 0, 0, 1, 2, 1, -2, 1, 1, -2, -2, -1, -1, -1, 2, 2, 2, 2, 1 ],
    propertySize: 5,
    university: 'NTNU',
    displayName: 'Kristian Elset Bø',
    age: '25',
    studyProgramme: 'Datateknologi',
    budget: 3,
    newMatch: true,
    gettingCloudMatched: false,
    uid: 'PmzsNVCnUSMVSMu2WGRa4omxez52',
    propertyVector: [ 3, 5, 3 ] } ]
2018-04-16T19:30:30.264Z - info: Execution took 3659 ms, user function completed successfully
2018-04-16T19:30:48.433Z - info: User function triggered, starting execution
2018-04-16T19:30:50.744Z - info: LOG: 202 test users found
2018-04-16T19:30:50.746Z - info: Execution took 2315 ms, user function completed successfully
2018-04-16T19:31:20.931Z - info: User function triggered, starting execution
2018-04-16T19:31:23.232Z - info: LOG: 202 test users found
2018-04-16T19:31:23.234Z - info: Execution took 2305 ms, user function completed successfully
2018-04-16T19:34:36.617Z - info: User function triggered, starting execution
2018-04-16T19:34:36.619Z - info: undefined
default PmzsNVCnUSMVSMu2WGRa4omxez52
2018-04-16T19:34:38.550Z - info: { budget: 3,
  newMatch: true,
  gettingCloudMatched: false,
  uid: 'PmzsNVCnUSMVSMu2WGRa4omxez52',
  propertyVector: [ 3, 5, 3 ],
  newness: 3,
  currentMatches: 
   { 'be1dc2da-c90f-4be0-bea4-e795e6dfa8f4': 1523907029641,
     '22ccb3d4-2d6b-4271-b4a8-d6c6761d0bf3': 1523906937596 },
  gender: 'Male',
  tos: true,
  currentMatchId: '30d84181-2809-4799-99fa-589a71d9b2d6',
  email: 'kristian.e.boe@gmail.com',
  workplace: 'Netlight AS, Karl Johans gate, Oslo, Norway',
  workplaceLatLng: { lat: 59.9131672, lng: 10.74193869999999 },
  matchLocation: 'Oslo',
  photoURL: 'https://lh5.googleusercontent.com/-2HYA3plx19M/AAAAAAAAAAI/AAAAAAAA7Nw/XWJkYEc6q6Q/photo.jpg',
  size: 2,
  readyToMatch: false,
  answerVector: [ 1, 0, 0, 0, 1, 2, 1, -2, 1, 1, -2, -2, -1, -1, -1, 2, 2, 2, 2, 1 ],
  propertySize: 5,
  university: 'NTNU',
  displayName: 'Kristian Elset Bø',
  age: '25',
  studyProgramme: 'Datateknologi' }
2018-04-16T19:34:39.295Z - info: 202
2018-04-16T19:34:39.296Z - info: [ { budget: 3,
    newMatch: true,
    gettingCloudMatched: false,
    uid: 'PmzsNVCnUSMVSMu2WGRa4omxez52',
    propertyVector: [ 3, 5, 3 ],
    newness: 3,
    currentMatches: 
     { 'be1dc2da-c90f-4be0-bea4-e795e6dfa8f4': 1523907029641,
       '22ccb3d4-2d6b-4271-b4a8-d6c6761d0bf3': 1523906937596 },
    gender: 'Male',
    tos: true,
    currentMatchId: '30d84181-2809-4799-99fa-589a71d9b2d6',
    email: 'kristian.e.boe@gmail.com',
    workplace: 'Netlight AS, Karl Johans gate, Oslo, Norway',
    workplaceLatLng: { lat: 59.9131672, lng: 10.74193869999999 },
    matchLocation: 'Oslo',
    photoURL: 'https://lh5.googleusercontent.com/-2HYA3plx19M/AAAAAAAAAAI/AAAAAAAA7Nw/XWJkYEc6q6Q/photo.jpg',
    size: 2,
    readyToMatch: false,
    answerVector: [ 1, 0, 0, 0, 1, 2, 1, -2, 1, 1, -2, -2, -1, -1, -1, 2, 2, 2, 2, 1 ],
    propertySize: 5,
    university: 'NTNU',
    displayName: 'Kristian Elset Bø',
    age: '25',
    studyProgramme: 'Datateknologi' },
  0,
  201,
  2 ]
2018-04-16T19:34:45.376Z - error: (node:55648) UnhandledPromiseRejectionWarning: TypeError: Cannot read property '0' of undefined
    at module.exports (/Users/Kristian/Developer/yaps.life/functions/node_modules/euclidean-distance/squared.js:5:29)
    at calculateSimilarityScoreBetweenUsers (/Users/Kristian/Developer/yaps.life/functions/lib/clusteringAlgorithms/clusteringPipeline.js:23:28)
    at calculateFlatScore (/Users/Kristian/Developer/yaps.life/functions/lib/clusteringAlgorithms/clusteringPipeline.js:35:34)
    at Object.<anonymous> (/Users/Kristian/Developer/yaps.life/functions/lib/clusteringAlgorithms/clusteringPipeline.js:199:27)
    at Generator.next (<anonymous>)
    at /Users/Kristian/Developer/yaps.life/functions/lib/clusteringAlgorithms/clusteringPipeline.js:7:71
    at new Promise (<anonymous>)
    at __awaiter (/Users/Kristian/Developer/yaps.life/functions/lib/clusteringAlgorithms/clusteringPipeline.js:3:12)
    at Object.createMatchFromFlatmates (/Users/Kristian/Developer/yaps.life/functions/lib/clusteringAlgorithms/clusteringPipeline.js:198:12)
    at Object.<anonymous> (/Users/Kristian/Developer/yaps.life/functions/lib/index.js:190:50)
2018-04-16T19:34:45.376Z - error: (node:55648) UnhandledPromiseRejectionWarning: Unhandled promise rejection. This error originated either by throwing inside of an async function without a catch block, or by rejecting a promise which was not handled with .catch(). (rejection id: 3)
(node:55648) [DEP0018] DeprecationWarning: Unhandled promise rejections are deprecated. In the future, promise rejections that are not handled will terminate the Node.js process with a non-zero exit code.
2018-04-16T19:35:36.605Z - info: Execution took 60002 ms, finished with status: 'timeout'
2018-04-16T19:35:36.639Z - error: Function worker killed by signal: SIGTERM
2018-04-16T19:37:22.917Z - info: Worker for populateDatabaseWithTestUsersHTTPS closed due to file changes.
2018-04-16T19:37:22.917Z - info: Worker for deleteTestUsers closed due to file changes.
2018-04-16T19:37:22.918Z - info: Worker for aggregateMatchInfo closed due to file changes.
2018-04-16T19:37:22.918Z - info: Worker for getMatchedByClusterOnSave closed due to file changes.
2018-04-16T19:37:22.918Z - info: Worker for resetDatabase closed due to file changes.
2018-04-16T19:37:22.918Z - info: Worker for setTestUsersReadyToMatch closed due to file changes.
2018-04-16T19:37:22.918Z - info: Worker for getBestOriginHTTPforMatch closed due to file changes.
2018-04-16T19:37:22.919Z - info: Worker for countTestUsers closed due to file changes.
2018-04-16T19:37:22.921Z - info: Worker for scoreApartment closed due to file changes.
2018-04-16T19:37:22.921Z - info: Worker for getListingDetailsHTTPS closed due to file changes.
2018-04-16T19:37:22.921Z - info: Worker for getMatchedByCluster closed due to file changes.
2018-04-16T19:39:54.268Z - info: User function triggered, starting execution
2018-04-16T19:39:54.270Z - info: undefined
default PmzsNVCnUSMVSMu2WGRa4omxez52
2018-04-16T19:39:56.827Z - info: 202
2018-04-16T19:39:56.828Z - info: [ 0, 201, 2 ]
2018-04-16T19:40:02.882Z - error: (node:55856) UnhandledPromiseRejectionWarning: TypeError: Cannot read property '0' of undefined
    at module.exports (/Users/Kristian/Developer/yaps.life/functions/node_modules/euclidean-distance/squared.js:5:29)
    at calculateSimilarityScoreBetweenUsers (/Users/Kristian/Developer/yaps.life/functions/lib/clusteringAlgorithms/clusteringPipeline.js:23:28)
    at calculateFlatScore (/Users/Kristian/Developer/yaps.life/functions/lib/clusteringAlgorithms/clusteringPipeline.js:35:34)
    at Object.<anonymous> (/Users/Kristian/Developer/yaps.life/functions/lib/clusteringAlgorithms/clusteringPipeline.js:199:27)
    at Generator.next (<anonymous>)
    at /Users/Kristian/Developer/yaps.life/functions/lib/clusteringAlgorithms/clusteringPipeline.js:7:71
    at new Promise (<anonymous>)
    at __awaiter (/Users/Kristian/Developer/yaps.life/functions/lib/clusteringAlgorithms/clusteringPipeline.js:3:12)
    at Object.createMatchFromFlatmates (/Users/Kristian/Developer/yaps.life/functions/lib/clusteringAlgorithms/clusteringPipeline.js:198:12)
    at Object.<anonymous> (/Users/Kristian/Developer/yaps.life/functions/lib/index.js:190:50)
2018-04-16T19:40:02.882Z - error: (node:55856) UnhandledPromiseRejectionWarning: Unhandled promise rejection. This error originated either by throwing inside of an async function without a catch block, or by rejecting a promise which was not handled with .catch(). (rejection id: 3)
(node:55856) [DEP0018] DeprecationWarning: Unhandled promise rejections are deprecated. In the future, promise rejections that are not handled will terminate the Node.js process with a non-zero exit code.
2018-04-16T19:40:54.260Z - info: Execution took 60002 ms, finished with status: 'timeout'
2018-04-16T19:40:54.286Z - error: Function worker killed by signal: SIGTERM
2018-04-16T19:43:07.209Z - info: Worker for populateDatabaseWithTestUsersHTTPS closed due to file changes.
2018-04-16T19:43:07.209Z - info: Worker for deleteTestUsers closed due to file changes.
2018-04-16T19:43:07.210Z - info: Worker for aggregateMatchInfo closed due to file changes.
2018-04-16T19:43:07.210Z - info: Worker for getListingDetailsHTTPS closed due to file changes.
2018-04-16T19:43:07.210Z - info: Worker for resetDatabase closed due to file changes.
2018-04-16T19:43:07.210Z - info: Worker for onMatchCreate closed due to file changes.
2018-04-16T19:43:07.212Z - info: Worker for getMatchedByClusterOnSave closed due to file changes.
2018-04-16T19:43:07.212Z - info: Worker for countTestUsers closed due to file changes.
2018-04-16T19:43:07.214Z - info: Worker for getBestOriginHTTPforMatch closed due to file changes.
2018-04-16T19:43:07.215Z - info: Worker for updateUser closed due to file changes.
2018-04-16T19:43:07.215Z - info: Worker for scoreApartment closed due to file changes.
2018-04-16T19:43:07.216Z - info: Worker for getMatchedByCluster closed due to file changes.
2018-04-16T19:46:23.457Z - info: User function triggered, starting execution
2018-04-16T19:46:23.458Z - info: undefined
default PmzsNVCnUSMVSMu2WGRa4omxez52
2018-04-16T19:46:26.328Z - info: 202
2018-04-16T19:46:26.331Z - info: [ { age: 22,
    studyProgramme: 'Interaksjonsdesign',
    newMatch: true,
    gettingCloudMatched: false,
    uid: '00952bb7-244b-4072-b0f0-218c8b83b676',
    propertyVector: [ 5, 5, 5 ],
    seeNewUsers: false,
    currentMatches: {},
    gender: 'Male',
    tos: true,
    workplace: 'BCG Oslo',
    workplaceLatLng: { lat: 59.9164676, lng: 10.722529399999985 },
    matchLocation: 'Oslo',
    photoURL: 'https://placem.at/people?w=290&h=290&random=92',
    readyToMatch: true,
    answerVector: [ -2, 1, -1, -2, 2, -2, 0, 1, -2, 0, -2, 2, 0, 1, -1, 0, -1, 2, 0, 1 ],
    university: 'UIO',
    displayName: 'testUser25' },
  { workplace: 'Unacast oslo',
    workplaceLatLng: { lat: 59.9295728, lng: 10.716608299999962 },
    matchLocation: 'Oslo',
    photoURL: 'https://placem.at/people?w=290&h=290&random=92',
    readyToMatch: true,
    answerVector: [ 0, -2, 2, 2, 1, -2, -1, 0, -2, 0, -2, 2, 0, -1, -2, -2, 2, 0, 2, 2 ],
    university: 'BI Oslo',
    displayName: 'testUser30',
    age: 28,
    studyProgramme: 'SivilØkonom',
    newMatch: true,
    gettingCloudMatched: false,
    uid: 'faf52080-882c-4097-b2dc-44300a9ccbda',
    propertyVector: [ 3, 1, 3 ],
    seeNewUsers: false,
    currentMatches: {},
    gender: 'Female',
    tos: true },
  { age: 23,
    studyProgramme: 'SivilØkonom',
    newMatch: true,
    gettingCloudMatched: false,
    uid: '0201a4d7-639a-4d0b-88c1-0186dd2eea4c',
    propertyVector: [ 3, 3, 5 ],
    seeNewUsers: false,
    currentMatches: {},
    gender: 'Male',
    tos: true,
    workplace: 'Wilhelmsen ASA',
    workplaceLatLng: { lng: 10.640631600000006, lat: 59.9118472 },
    matchLocation: 'Oslo',
    photoURL: 'https://placem.at/people?w=290&h=290&random=92',
    readyToMatch: true,
    answerVector: [ -2, 1, -1, -2, -2, 0, 0, -1, 0, 0, 2, 1, 0, 1, -1, -2, -1, 1, -2, 0 ],
    university: 'NHH',
    displayName: 'testUser2' } ]
2018-04-16T19:46:28.190Z - info: Execution took 4734 ms, user function completed successfully
2018-04-16T20:09:48.819Z - info: User function triggered, starting execution
2018-04-16T20:09:48.820Z - info: undefined
default PmzsNVCnUSMVSMu2WGRa4omxez52
2018-04-16T20:09:51.763Z - info: 202
2018-04-16T20:09:51.765Z - info: [ { age: 22,
    studyProgramme: 'Interaksjonsdesign',
    newMatch: true,
    gettingCloudMatched: false,
    uid: '00952bb7-244b-4072-b0f0-218c8b83b676',
    propertyVector: [ 5, 5, 5 ],
    seeNewUsers: false,
    currentMatches: { '2903db28-3e7a-4d63-8335-b2019e1911a9': 1523907987274 },
    gender: 'Male',
    tos: true,
    workplace: 'BCG Oslo',
    workplaceLatLng: { lat: 59.9164676, lng: 10.722529399999985 },
    matchLocation: 'Oslo',
    photoURL: 'https://placem.at/people?w=290&h=290&random=92',
    readyToMatch: false,
    answerVector: [ -2, 1, -1, -2, 2, -2, 0, 1, -2, 0, -2, 2, 0, 1, -1, 0, -1, 2, 0, 1 ],
    university: 'UIO',
    displayName: 'testUser25' },
  { displayName: 'testUser30',
    age: 28,
    studyProgramme: 'SivilØkonom',
    newMatch: true,
    gettingCloudMatched: false,
    uid: 'faf52080-882c-4097-b2dc-44300a9ccbda',
    propertyVector: [ 3, 1, 3 ],
    seeNewUsers: false,
    currentMatches: { '2903db28-3e7a-4d63-8335-b2019e1911a9': 1523907987274 },
    gender: 'Female',
    tos: true,
    workplace: 'Unacast oslo',
    workplaceLatLng: { lat: 59.9295728, lng: 10.716608299999962 },
    matchLocation: 'Oslo',
    photoURL: 'https://placem.at/people?w=290&h=290&random=92',
    readyToMatch: false,
    answerVector: [ 0, -2, 2, 2, 1, -2, -1, 0, -2, 0, -2, 2, 0, -1, -2, -2, 2, 0, 2, 2 ],
    university: 'BI Oslo' },
  { displayName: 'testUser2',
    age: 23,
    studyProgramme: 'SivilØkonom',
    newMatch: true,
    gettingCloudMatched: false,
    uid: '0201a4d7-639a-4d0b-88c1-0186dd2eea4c',
    propertyVector: [ 3, 3, 5 ],
    seeNewUsers: false,
    currentMatches: { '2903db28-3e7a-4d63-8335-b2019e1911a9': 1523907987274 },
    gender: 'Male',
    tos: true,
    workplace: 'Wilhelmsen ASA',
    workplaceLatLng: { lat: 59.9118472, lng: 10.640631600000006 },
    matchLocation: 'Oslo',
    photoURL: 'https://placem.at/people?w=290&h=290&random=92',
    readyToMatch: false,
    answerVector: [ -2, 1, -1, -2, -2, 0, 0, -1, 0, 0, 2, 1, 0, 1, -1, -2, -1, 1, -2, 0 ],
    university: 'NHH' } ]
2018-04-16T20:09:53.704Z - info: Execution took 4886 ms, user function completed successfully
2018-04-16T20:12:47.898Z - info: User function triggered, starting execution
2018-04-16T20:12:47.898Z - info: undefined
default PmzsNVCnUSMVSMu2WGRa4omxez52
2018-04-16T20:12:49.326Z - info: 202
2018-04-16T20:12:49.327Z - info: [ { matchLocation: 'Oslo',
    photoURL: 'https://placem.at/people?w=290&h=290&random=92',
    readyToMatch: false,
    answerVector: [ -2, 1, -1, -2, 2, -2, 0, 1, -2, 0, -2, 2, 0, 1, -1, 0, -1, 2, 0, 1 ],
    university: 'UIO',
    displayName: 'testUser25',
    age: 22,
    studyProgramme: 'Interaksjonsdesign',
    newMatch: true,
    gettingCloudMatched: false,
    uid: '00952bb7-244b-4072-b0f0-218c8b83b676',
    propertyVector: [ 5, 5, 5 ],
    seeNewUsers: false,
    currentMatches: 
     { '2903db28-3e7a-4d63-8335-b2019e1911a9': 1523907987274,
       '18c63ecc-36e0-4724-ac48-d173171f44f7': 1523909392661 },
    gender: 'Male',
    tos: true,
    workplace: 'BCG Oslo',
    workplaceLatLng: { lat: 59.9164676, lng: 10.722529399999985 } },
  { workplace: 'Unacast oslo',
    workplaceLatLng: { lat: 59.9295728, lng: 10.716608299999962 },
    matchLocation: 'Oslo',
    photoURL: 'https://placem.at/people?w=290&h=290&random=92',
    readyToMatch: false,
    answerVector: [ 0, -2, 2, 2, 1, -2, -1, 0, -2, 0, -2, 2, 0, -1, -2, -2, 2, 0, 2, 2 ],
    university: 'BI Oslo',
    displayName: 'testUser30',
    age: 28,
    studyProgramme: 'SivilØkonom',
    newMatch: true,
    gettingCloudMatched: false,
    uid: 'faf52080-882c-4097-b2dc-44300a9ccbda',
    propertyVector: [ 3, 1, 3 ],
    seeNewUsers: false,
    currentMatches: 
     { '2903db28-3e7a-4d63-8335-b2019e1911a9': 1523907987274,
       '18c63ecc-36e0-4724-ac48-d173171f44f7': 1523909392662 },
    gender: 'Female',
    tos: true },
  { matchLocation: 'Oslo',
    photoURL: 'https://placem.at/people?w=290&h=290&random=92',
    readyToMatch: false,
    answerVector: [ -2, 1, -1, -2, -2, 0, 0, -1, 0, 0, 2, 1, 0, 1, -1, -2, -1, 1, -2, 0 ],
    university: 'NHH',
    displayName: 'testUser2',
    age: 23,
    studyProgramme: 'SivilØkonom',
    newMatch: true,
    gettingCloudMatched: false,
    uid: '0201a4d7-639a-4d0b-88c1-0186dd2eea4c',
    propertyVector: [ 3, 3, 5 ],
    seeNewUsers: false,
    currentMatches: 
     { '18c63ecc-36e0-4724-ac48-d173171f44f7': 1523909392662,
       '2903db28-3e7a-4d63-8335-b2019e1911a9': 1523907987274 },
    gender: 'Male',
    tos: true,
    workplace: 'Wilhelmsen ASA',
    workplaceLatLng: { lat: 59.9118472, lng: 10.640631600000006 } } ]
2018-04-16T20:12:51.115Z - info: Execution took 3217 ms, user function completed successfully
2018-04-16T20:14:01.533Z - info: Worker for scoreApartment closed due to file changes.
2018-04-16T20:14:01.534Z - info: Worker for getMatchedByCluster closed due to file changes.
2018-04-16T20:14:01.534Z - info: Worker for countTestUsers closed due to file changes.
2018-04-16T20:14:01.534Z - info: Worker for aggregateMatchInfo closed due to file changes.
2018-04-16T20:14:01.534Z - info: Worker for setTestUsersReadyToMatch closed due to file changes.
2018-04-16T20:14:01.534Z - info: Worker for resetDatabase closed due to file changes.
2018-04-16T20:14:01.534Z - info: Worker for deleteTestUsers closed due to file changes.
2018-04-16T20:14:01.535Z - info: Worker for populateDatabaseWithTestUsersHTTPS closed due to file changes.
2018-04-16T20:14:01.535Z - info: Worker for getSingleMatchByKNNOnSave closed due to file changes.
2018-04-16T20:14:01.535Z - info: Worker for getBestOriginHTTPforMatch closed due to file changes.
2018-04-16T20:14:01.535Z - info: Worker for onMatchCreate closed due to file changes.
2018-04-16T20:20:45.912Z - info: User function triggered, starting execution
2018-04-16T20:20:45.913Z - info: undefined
2018-04-16T20:20:45.913Z - info: default PmzsNVCnUSMVSMu2WGRa4omxez52
2018-04-16T20:20:48.751Z - info: 202
2018-04-16T20:20:48.754Z - info: [ { matchLocation: 'Oslo',
    photoURL: 'https://placem.at/people?w=290&h=290&random=92',
    readyToMatch: false,
    answerVector: [ -2, 1, -1, -2, 2, -2, 0, 1, -2, 0, -2, 2, 0, 1, -1, 0, -1, 2, 0, 1 ],
    university: 'UIO',
    displayName: 'testUser25',
    age: 22,
    studyProgramme: 'Interaksjonsdesign',
    newMatch: true,
    gettingCloudMatched: false,
    uid: '00952bb7-244b-4072-b0f0-218c8b83b676',
    propertyVector: [ 5, 5, 5 ],
    seeNewUsers: false,
    currentMatches: 
     { 'f363c4d9-bccf-45c1-8b41-4b9b7547ea0c': 1523909570235,
       '2903db28-3e7a-4d63-8335-b2019e1911a9': 1523907987274,
       '18c63ecc-36e0-4724-ac48-d173171f44f7': 1523909392661 },
    gender: 'Male',
    tos: true,
    workplace: 'BCG Oslo',
    workplaceLatLng: { lat: 59.9164676, lng: 10.722529399999985 } },
  { matchLocation: 'Oslo',
    photoURL: 'https://placem.at/people?w=290&h=290&random=92',
    readyToMatch: false,
    answerVector: [ 0, -2, 2, 2, 1, -2, -1, 0, -2, 0, -2, 2, 0, -1, -2, -2, 2, 0, 2, 2 ],
    university: 'BI Oslo',
    displayName: 'testUser30',
    age: 28,
    studyProgramme: 'SivilØkonom',
    newMatch: true,
    gettingCloudMatched: false,
    uid: 'faf52080-882c-4097-b2dc-44300a9ccbda',
    propertyVector: [ 3, 1, 3 ],
    seeNewUsers: false,
    currentMatches: 
     { 'f363c4d9-bccf-45c1-8b41-4b9b7547ea0c': 1523909570235,
       '2903db28-3e7a-4d63-8335-b2019e1911a9': 1523907987274,
       '18c63ecc-36e0-4724-ac48-d173171f44f7': 1523909392662 },
    gender: 'Female',
    tos: true,
    workplace: 'Unacast oslo',
    workplaceLatLng: { lat: 59.9295728, lng: 10.716608299999962 } },
  { propertyVector: [ 3, 3, 5 ],
    seeNewUsers: false,
    currentMatches: 
     { '2903db28-3e7a-4d63-8335-b2019e1911a9': 1523907987274,
       '18c63ecc-36e0-4724-ac48-d173171f44f7': 1523909392662,
       'f363c4d9-bccf-45c1-8b41-4b9b7547ea0c': 1523909570235 },
    gender: 'Male',
    tos: true,
    workplace: 'Wilhelmsen ASA',
    workplaceLatLng: { lat: 59.9118472, lng: 10.640631600000006 },
    matchLocation: 'Oslo',
    photoURL: 'https://placem.at/people?w=290&h=290&random=92',
    readyToMatch: false,
    answerVector: [ -2, 1, -1, -2, -2, 0, 0, -1, 0, 0, 2, 1, 0, 1, -1, -2, -1, 1, -2, 0 ],
    university: 'NHH',
    displayName: 'testUser2',
    age: 23,
    studyProgramme: 'SivilØkonom',
    newMatch: true,
    gettingCloudMatched: false,
    uid: '0201a4d7-639a-4d0b-88c1-0186dd2eea4c' } ]
2018-04-16T20:20:50.583Z - info: Execution took 4672 ms, user function completed successfully
2018-04-18T09:19:56.361Z - info: User function triggered, starting execution
2018-04-18T09:19:59.604Z - info: LOG: 202 test users found
2018-04-18T09:19:59.606Z - info: Execution took 3246 ms, user function completed successfully
2018-04-18T09:20:02.239Z - info: User function triggered, starting execution
2018-04-18T09:20:04.414Z - info: 13 real users updated
2018-04-18T09:20:04.595Z - info: 202 test users ready to match
2018-04-18T09:20:04.597Z - info: Execution took 2359 ms, user function completed successfully
2018-04-18T09:20:17.693Z - info: User function triggered, starting execution
2018-04-18T09:20:20.789Z - info: LOG: 52 Test users created
2018-04-18T09:20:20.792Z - info: Execution took 3099 ms, user function completed successfully
2018-04-18T09:20:27.486Z - info: User function triggered, starting execution
2018-04-18T09:20:28.218Z - info: LOG: 254 test users found
2018-04-18T09:20:28.218Z - info: Execution took 732 ms, user function completed successfully
2018-04-18T09:20:41.471Z - info: Worker for countTestUsers closed due to file changes.
2018-04-18T09:20:41.471Z - info: Worker for populateDatabaseWithTestUsersHTTPS closed due to file changes.
2018-04-18T09:20:41.472Z - info: Worker for getMatchedByCluster closed due to file changes.
2018-04-18T09:20:41.472Z - info: Worker for onMatchCreate closed due to file changes.
2018-04-18T09:20:41.473Z - info: Worker for setTestUsersReadyToMatch closed due to file changes.
2018-04-18T09:20:41.473Z - info: Worker for getSingleMatchByKNNOnSave closed due to file changes.
2018-04-18T09:20:41.474Z - info: Worker for getMatchedByClusterOnSave closed due to file changes.
2018-04-18T09:20:41.474Z - info: Worker for aggregateMatchInfo closed due to file changes.
2018-04-18T09:20:41.474Z - info: Worker for resetDatabase closed due to file changes.
2018-04-18T09:20:41.474Z - info: Worker for getListingDetailsHTTPS closed due to file changes.
2018-04-18T09:20:41.474Z - info: Worker for scoreApartment closed due to file changes.
2018-04-18T09:20:41.475Z - info: Worker for updateUser closed due to file changes.
2018-04-18T09:21:11.417Z - info: User function triggered, starting execution
2018-04-18T09:21:19.238Z - info: LOG: 746 Test users created
2018-04-18T09:21:19.240Z - info: Execution took 7824 ms, user function completed successfully
2018-04-18T09:21:30.697Z - info: Worker for populateDatabaseWithTestUsersHTTPS closed due to file changes.
2018-04-18T09:21:30.697Z - info: Worker for setTestUsersReadyToMatch closed due to file changes.
2018-04-18T09:21:30.697Z - info: Worker for deleteTestUsers closed due to file changes.
2018-04-18T09:21:30.698Z - info: Worker for getMatchedByClusterOnSave closed due to file changes.
2018-04-18T09:21:30.698Z - info: Worker for aggregateMatchInfo closed due to file changes.
2018-04-18T09:21:30.698Z - info: Worker for resetDatabase closed due to file changes.
2018-04-18T09:21:30.698Z - info: Worker for getMatchedByCluster closed due to file changes.
2018-04-18T09:21:30.699Z - info: Worker for getBestOriginHTTPforMatch closed due to file changes.
2018-04-18T09:21:30.699Z - info: Worker for onMatchCreate closed due to file changes.
2018-04-18T09:21:30.701Z - info: Worker for getListingDetailsHTTPS closed due to file changes.
2018-04-18T09:21:30.701Z - info: Worker for countTestUsers closed due to file changes.
2018-04-18T09:21:30.701Z - info: Worker for scoreApartment closed due to file changes.
2018-04-18T09:21:30.701Z - info: Worker for updateUser closed due to file changes.
2018-04-18T09:21:30.701Z - info: Worker for getSingleMatchByKNNOnSave closed due to file changes.
2018-04-18T10:01:20.367Z - info: User function triggered, starting execution
2018-04-18T10:01:20.369Z - info: undefined
default PmzsNVCnUSMVSMu2WGRa4omxez52
2018-04-18T10:01:23.523Z - info: 1000
2018-04-18T10:01:23.528Z - info: [ 850, 829, 921 ]
2018-04-18T10:01:25.409Z - info: Execution took 5043 ms, user function completed successfully
2018-04-18T10:01:44.706Z - info: User function triggered, starting execution
2018-04-18T10:01:44.706Z - info: undefined
default PmzsNVCnUSMVSMu2WGRa4omxez52
2018-04-18T10:01:46.621Z - info: 1000
2018-04-18T10:01:46.627Z - info: [ 850, 829, 921 ]
2018-04-18T10:01:48.440Z - info: Execution took 3734 ms, user function completed successfully
2018-04-18T10:02:04.462Z - info: User function triggered, starting execution
2018-04-18T10:02:06.386Z - info: 13 real users updated
2018-04-18T10:02:07.135Z - info: 1000 test users ready to match
2018-04-18T10:02:07.139Z - info: Execution took 2677 ms, user function completed successfully
2018-04-18T10:02:10.247Z - info: User function triggered, starting execution
2018-04-18T10:02:12.890Z - info: LOG: 1000 test users found
2018-04-18T10:02:12.892Z - info: Execution took 2645 ms, user function completed successfully
2018-04-18T10:02:38.645Z - info: Worker for countTestUsers closed due to file changes.
2018-04-18T10:02:38.646Z - info: Worker for deleteTestUsers closed due to file changes.
2018-04-18T10:02:38.646Z - info: Worker for getMatchedByClusterOnSave closed due to file changes.
2018-04-18T10:02:38.646Z - info: Worker for onMatchCreate closed due to file changes.
2018-04-18T10:02:38.646Z - info: Worker for getMatchedByCluster closed due to file changes.
2018-04-18T10:02:38.647Z - info: Worker for getListingDetailsHTTPS closed due to file changes.
2018-04-18T10:02:38.647Z - info: Worker for updateUser closed due to file changes.
2018-04-18T10:02:38.647Z - info: Worker for populateDatabaseWithTestUsersHTTPS closed due to file changes.
2018-04-18T10:02:38.647Z - info: Worker for resetDatabase closed due to file changes.
2018-04-18T10:02:38.647Z - info: Worker for aggregateMatchInfo closed due to file changes.
2018-04-18T10:02:38.648Z - info: Worker for getBestOriginHTTPforMatch closed due to file changes.
2018-04-18T10:02:38.648Z - info: Worker for setTestUsersReadyToMatch closed due to file changes.
2018-04-18T10:02:38.659Z - info: Worker for getSingleMatchByKNNOnSave closed due to file changes.
