[debug] [2018-04-18T12:39:31.368Z] ----------------------------------------------------------------------
[debug] [2018-04-18T12:39:31.370Z] Command:       /usr/local/Cellar/node/9.11.1/bin/node /usr/local/bin/firebase experimental:functions:shell
[debug] [2018-04-18T12:39:31.370Z] CLI Version:   3.18.0
[debug] [2018-04-18T12:39:31.370Z] Platform:      darwin
[debug] [2018-04-18T12:39:31.370Z] Node Version:  v9.11.1
[debug] [2018-04-18T12:39:31.371Z] Time:          Wed Apr 18 2018 14:39:31 GMT+0200 (CEST)
[debug] [2018-04-18T12:39:31.371Z] ----------------------------------------------------------------------
[debug] 
[debug] [2018-04-18T12:39:31.383Z] > command requires scopes: ["email","openid","https://www.googleapis.com/auth/cloudplatformprojects.readonly","https://www.googleapis.com/auth/firebase","https://www.googleapis.com/auth/cloud-platform"]
[debug] [2018-04-18T12:39:31.383Z] > authorizing via signed-in user
[debug] [2018-04-18T12:39:31.385Z] > refreshing access token with scopes: ["email","https://www.googleapis.com/auth/cloud-platform","https://www.googleapis.com/auth/cloudplatformprojects.readonly","https://www.googleapis.com/auth/firebase","openid"]
[debug] [2018-04-18T12:39:31.385Z] >>> HTTP REQUEST POST https://www.googleapis.com/oauth2/v3/token  
 { refresh_token: '1/2UTnQ5d1xDWnkjzCqR56sAKsGn0WWkorEjhhB9SSvnk',
  client_id: '563584335869-fgrhgmd47bqnekij5i8b5pr03ho849e6.apps.googleusercontent.com',
  client_secret: 'j9iVZfS8kkCEFUPaAeJV0sAi',
  grant_type: 'refresh_token',
  scope: 'email https://www.googleapis.com/auth/cloud-platform https://www.googleapis.com/auth/cloudplatformprojects.readonly https://www.googleapis.com/auth/firebase openid' } 
 Wed Apr 18 2018 14:39:31 GMT+0200 (CEST)
[debug] [2018-04-18T12:39:31.548Z] <<< HTTP RESPONSE 200
[debug] [2018-04-18T12:39:31.562Z] >>> HTTP REQUEST GET https://admin.firebase.com/v1/projects/yaps-1496498804190  
  
 Wed Apr 18 2018 14:39:31 GMT+0200 (CEST)
[debug] [2018-04-18T12:39:32.443Z] <<< HTTP RESPONSE 200
[debug] [2018-04-18T12:39:32.443Z] >>> HTTP REQUEST GET https://admin.firebase.com/v1/database/yaps-1496498804190/tokens  
  
 Wed Apr 18 2018 14:39:32 GMT+0200 (CEST)
[debug] [2018-04-18T12:39:33.153Z] <<< HTTP RESPONSE 200
[info] i  functions: Preparing to emulate functions.
[debug] [2018-04-18T12:39:34.791Z] Fetching environment
[debug] [2018-04-18T12:39:34.793Z] >>> HTTP REQUEST GET https://cloudresourcemanager.googleapis.com/v1/projects/yaps-1496498804190  
  
 Wed Apr 18 2018 14:39:34 GMT+0200 (CEST)
[debug] [2018-04-18T12:39:38.787Z] <<< HTTP RESPONSE 200
[debug] [2018-04-18T12:39:38.787Z] >>> HTTP REQUEST GET https://mobilesdk-pa.googleapis.com/v1/projects/569081698642:getServerAppConfig  
  
 Wed Apr 18 2018 14:39:38 GMT+0200 (CEST)
[debug] [2018-04-18T12:39:39.213Z] <<< HTTP RESPONSE 200
[debug] [2018-04-18T12:39:39.213Z] Starting @google-cloud/functions-emulator
[debug] [2018-04-18T12:39:41.290Z] Parsing function triggers
[debug] [2018-04-18T12:39:42.038Z] Deploying functions locally
[info] ✔  functions: countTestUsers
[info] ✔  functions: deleteTestUsers
[info] ✔  functions: populateDatabaseWithTestUsersHTTPS
[info] ✔  functions: setTestUsersReadyToMatch
[info] ✔  functions: aggregateMatchInfo
[info] ✔  functions: resetDatabase
[info] ✔  functions: getMatchedByCluster
[info] ✔  functions: getMatchedByClusterOnSave
[info] ✔  functions: getSingleMatchByKNNOnSave
[info] ✔  functions: scoreApartment
[info] ✔  functions: getBestOriginHTTPforMatch
[info] ✔  functions: onMatchCreate
[info] ✔  functions: getListingDetailsHTTPS
[info] ✔  functions: updateUser
